<?xml version="1.0" encoding="UTF-8"?>
<!-- Generated by org.testng.reporters.JUnitXMLReporter -->
<testsuite hostname="41359jnbbrs457l" ignored="0" name="Surefire test" tests="1" failures="1" timestamp="08 Mar 2019 09:52:08 GMT" time="142.606" errors="0">
  <testcase name="feature" time="142.03" classname="cucumber.api.testng.AbstractTestNGCucumberTests">
    <failure type="cucumber.runtime.CucumberException" message="org.junit.ComparisonFailure: expected:&amp;lt;...ad at least one file[].&amp;gt; but was:&amp;lt;...ad at least one file[d].&amp;gt;">
      <![CDATA[cucumber.runtime.CucumberException: org.junit.ComparisonFailure: expected:<...ad at least one file[].> but was:<...ad at least one file[d].>
	at cucumber.api.testng.TestNGCucumberRunner.runCucumber(TestNGCucumberRunner.java:69)
	at cucumber.api.testng.AbstractTestNGCucumberTests.feature(AbstractTestNGCucumberTests.java:21)
Caused by: org.junit.ComparisonFailure: expected:<...ad at least one file[].> but was:<...ad at least one file[d].>
	at org.junit.Assert.assertEquals(Assert.java:115)
	at org.junit.Assert.assertEquals(Assert.java:144)
	at iLab.Tests.verifyUploadErrorMessage(Tests.java:61)
	at âœ½.Then Verify upload error message(iLab.feature:8)
... Removed 29 stack frames]]>
    </failure>
  </testcase> <!-- feature -->
</testsuite> <!-- Surefire test -->
