-------------------------------------------------------------------------------
Test set: TestSuite
-------------------------------------------------------------------------------
Tests run: 1, Failures: 1, Errors: 0, Skipped: 0, Time elapsed: 135.515 sec <<< FAILURE! - in TestSuite
feature(runner.TestNGRunner)  Time elapsed: 134.081 sec  <<< FAILURE!
cucumber.runtime.CucumberException: org.junit.ComparisonFailure: expected:<...ad at least one file[].> but was:<...ad at least one file[d].>
Caused by: org.junit.ComparisonFailure: expected:<...ad at least one file[].> but was:<...ad at least one file[d].>

